11:35:27.435 [main] INFO  testCases.TC_002_LoginTest - ************TC_002_LoginTest started***********
11:35:27.649 [main] INFO  testCases.TC_002_LoginTest - clicked on MyAccount
11:35:29.458 [main] INFO  testCases.TC_002_LoginTest - clicked on Login
11:35:29.699 [main] INFO  testCases.TC_002_LoginTest - Entered Email
11:35:29.828 [main] INFO  testCases.TC_002_LoginTest - Entered Password
11:35:29.884 [main] INFO  testCases.TC_002_LoginTest - clicked on  login
11:35:29.886 [main] INFO  testCases.TC_002_LoginTest - validating My account page exists or not
11:35:31.523 [main] INFO  testCases.TC_002_LoginTest - validated and Test passed
11:35:31.523 [main] INFO  testCases.TC_002_LoginTest - ************TC_002_LoginTest Ended***********
11:36:09.198 [main] INFO  testCases.TC_002_LoginTest - ************TC_002_LoginTest started***********
11:36:09.420 [main] INFO  testCases.TC_002_LoginTest - clicked on MyAccount
11:36:10.199 [main] INFO  testCases.TC_002_LoginTest - clicked on Login
11:36:10.442 [main] INFO  testCases.TC_002_LoginTest - Entered Email
11:36:10.578 [main] INFO  testCases.TC_002_LoginTest - Entered Password
11:36:10.634 [main] INFO  testCases.TC_002_LoginTest - clicked on  login
11:36:10.637 [main] INFO  testCases.TC_002_LoginTest - validating My account page exists or not
11:36:12.025 [main] INFO  testCases.TC_002_LoginTest - validated and Test passed
11:36:12.025 [main] INFO  testCases.TC_002_LoginTest - ************TC_002_LoginTest Ended***********
11:37:50.522 [main] INFO  testCases.TC_002_LoginTest - ************TC_002_LoginTest started***********
11:37:50.809 [main] INFO  testCases.TC_002_LoginTest - clicked on MyAccount
11:37:51.928 [main] INFO  testCases.TC_002_LoginTest - clicked on Login
11:37:52.172 [main] INFO  testCases.TC_002_LoginTest - Entered Email
11:37:52.298 [main] INFO  testCases.TC_002_LoginTest - Entered Password
11:37:52.358 [main] INFO  testCases.TC_002_LoginTest - clicked on  login
11:37:52.360 [main] INFO  testCases.TC_002_LoginTest - validating My account page exists or not
11:37:53.577 [main] INFO  testCases.TC_002_LoginTest - validated and Test passed
11:37:53.577 [main] INFO  testCases.TC_002_LoginTest - ************TC_002_LoginTest Ended***********
11:38:39.207 [main] INFO  testCases.TC_002_LoginTest - ************TC_002_LoginTest started***********
11:38:39.463 [main] INFO  testCases.TC_002_LoginTest - clicked on MyAccount
11:38:41.119 [main] INFO  testCases.TC_002_LoginTest - clicked on Login
11:38:41.342 [main] INFO  testCases.TC_002_LoginTest - Entered Email
11:38:41.498 [main] INFO  testCases.TC_002_LoginTest - Entered Password
11:38:41.566 [main] INFO  testCases.TC_002_LoginTest - clicked on  login
11:38:41.569 [main] INFO  testCases.TC_002_LoginTest - validating My account page exists or not
11:38:43.046 [main] INFO  testCases.TC_002_LoginTest - validated and Test passed
11:38:43.047 [main] INFO  testCases.TC_002_LoginTest - ************TC_002_LoginTest Ended***********
